<?xml version="1.0" encoding="UTF-8"?>
<testsuite xmlns:xsi="http://www.w3.org/2001/XMLSchema-instance" xsi:noNamespaceSchemaLocation="https://maven.apache.org/surefire/maven-surefire-plugin/xsd/surefire-test-report.xsd" name="tqs.lab1.TqsStackTest" time="0.063" tests="8" errors="0" skipped="0" failures="0">
  <properties>
[...]
</properties>
  <testcase name="emptyOnConstruction" classname="tqs.lab1.TqsStackTest" time="0.022"/>
  <testcase name="pop" classname="tqs.lab1.TqsStackTest" time="0.005"/>
  <testcase name="peek" classname="tqs.lab1.TqsStackTest" time="0.002"/>
  <testcase name="size0OnConstruction" classname="tqs.lab1.TqsStackTest" time="0.001"/>
  <testcase name="multiplePops" classname="tqs.lab1.TqsStackTest" time="0.005"/>
  <testcase name="afterPush" classname="tqs.lab1.TqsStackTest" time="0.001"/>
  <testcase name="noElementPeek" classname="tqs.lab1.TqsStackTest" time="0.009"/>
  <testcase name="noElementPop" classname="tqs.lab1.TqsStackTest" time="0.007"/>
</testsuite>